<?xml version="1.0" encoding="UTF-8"?>
<testsuite xmlns:xsi="http://www.w3.org/2001/XMLSchema-instance" xsi:noNamespaceSchemaLocation="https://maven.apache.org/surefire/maven-surefire-plugin/xsd/surefire-test-report.xsd" name="runner.MyRunner" time="1.532" tests="7" errors="7" skipped="0" failures="0">
  <properties>
[...]
</properties>
  <testcase name="GI-549" classname="End to End tests" time="0.566">
    <error type="java.lang.ExceptionInInitializerError">java.lang.ExceptionInInitializerError
Caused by: core.exceptions.TestsConfigurationException: Unable to read property file with name 'config.properties' - file not found
</error>
    <system-out><![CDATA[Feature: End to End tests

  @E2E
  Scenario: GI-549                                                             &amp#27;[90m# src/test/resources/E2E.feature:4&amp#27;[0m
[auto]       MS user is able to upload files
    &amp#27;[31mGiven &amp#27;[0m&amp#27;[31m[Login] Being logged in as MS user&amp#27;[0m                                   &amp#27;[90m# Login.loginAsMSUser()&amp#27;[0m
      &amp#27;[31mjava.lang.ExceptionInInitializerError
	at sun.reflect.NativeConstructorAccessorImpl.newInstance0(Native Method)
	at sun.reflect.NativeConstructorAccessorImpl.newInstance(NativeConstructorAccessorImpl.java:62)
	at sun.reflect.DelegatingConstructorAccessorImpl.newInstance(DelegatingConstructorAccessorImpl.java:45)
	at java.lang.reflect.Constructor.newInstance(Constructor.java:423)
	at cucumber.runtime.java.DefaultJavaObjectFactory.cacheNewInstance(DefaultJavaObjectFactory.java:41)
	at cucumber.runtime.java.DefaultJavaObjectFactory.getInstance(DefaultJavaObjectFactory.java:33)
	at cucumber.runtime.java.JavaStepDefinition.execute(JavaStepDefinition.java:37)
	at cucumber.runtime.StepDefinitionMatch.runStep(StepDefinitionMatch.java:40)
	at cucumber.api.TestStep.executeStep(TestStep.java:102)
	at cucumber.api.TestStep.run(TestStep.java:83)
	at cucumber.api.TestCase.run(TestCase.java:58)
	at cucumber.runner.Runner.runPickle(Runner.java:80)
	at cucumber.runtime.junit.PickleRunners$NoStepDescriptions.run(PickleRunners.java:140)
	at cucumber.runtime.junit.FeatureRunner.runChild(FeatureRunner.java:68)
	at cucumber.runtime.junit.FeatureRunner.runChild(FeatureRunner.java:23)
	at org.junit.runners.ParentRunner$3.run(ParentRunner.java:290)
	at org.junit.runners.ParentRunner$1.schedule(ParentRunner.java:71)
	at org.junit.runners.ParentRunner.runChildren(ParentRunner.java:288)
	at org.junit.runners.ParentRunner.access$000(ParentRunner.java:58)
	at org.junit.runners.ParentRunner$2.evaluate(ParentRunner.java:268)
	at org.junit.runners.ParentRunner.run(ParentRunner.java:363)
	at cucumber.runtime.junit.FeatureRunner.run(FeatureRunner.java:73)
	at cucumber.api.junit.Cucumber.runChild(Cucumber.java:117)
	at cucumber.api.junit.Cucumber.runChild(Cucumber.java:55)
	at org.junit.runners.ParentRunner$3.run(ParentRunner.java:290)
	at org.junit.runners.ParentRunner$1.schedule(ParentRunner.java:71)
	at org.junit.runners.ParentRunner.runChildren(ParentRunner.java:288)
	at org.junit.runners.ParentRunner.access$000(ParentRunner.java:58)
	at org.junit.runners.ParentRunner$2.evaluate(ParentRunner.java:268)
	at cucumber.api.junit.Cucumber$1.evaluate(Cucumber.java:126)
	at org.junit.runners.ParentRunner.run(ParentRunner.java:363)
	at org.apache.maven.surefire.junit4.JUnit4Provider.execute(JUnit4Provider.java:365)
	at org.apache.maven.surefire.junit4.JUnit4Provider.executeWithRerun(JUnit4Provider.java:273)
	at org.apache.maven.surefire.junit4.JUnit4Provider.executeTestSet(JUnit4Provider.java:238)
	at org.apache.maven.surefire.junit4.JUnit4Provider.invoke(JUnit4Provider.java:159)
	at org.apache.maven.surefire.booter.ForkedBooter.invokeProviderInSameClassLoader(ForkedBooter.java:379)
	at org.apache.maven.surefire.booter.ForkedBooter.runSuitesInProcess(ForkedBooter.java:340)
	at org.apache.maven.surefire.booter.ForkedBooter.execute(ForkedBooter.java:125)
	at org.apache.maven.surefire.booter.ForkedBooter.main(ForkedBooter.java:413)
	at ?.[Login] Being logged in as MS user(src/test/resources/E2E.feature:6)
Caused by: core.exceptions.TestsConfigurationException: Unable to read property file with name 'config.properties' - file not found
	at core.configuration.testProperties.PropertiesLoader.populate(PropertiesLoader.java:34)
	at core.configuration.TestsConfig.<init>(TestsConfig.java:20)
	at core.configuration.TestsConfig.getConfig(TestsConfig.java:14)
	at utils.LogHelper.<clinit>(LogHelper.java:13)
	at sun.reflect.NativeConstructorAccessorImpl.newInstance0(Native Method)
	at sun.reflect.NativeConstructorAccessorImpl.newInstance(NativeConstructorAccessorImpl.java:62)
	at sun.reflect.DelegatingConstructorAccessorImpl.newInstance(DelegatingConstructorAccessorImpl.java:45)
	at java.lang.reflect.Constructor.newInstance(Constructor.java:423)
	at cucumber.runtime.java.DefaultJavaObjectFactory.cacheNewInstance(DefaultJavaObjectFactory.java:41)
	at cucumber.runtime.java.DefaultJavaObjectFactory.getInstance(DefaultJavaObjectFactory.java:33)
	at cucumber.runtime.java.JavaStepDefinition.execute(JavaStepDefinition.java:37)
	at cucumber.runtime.StepDefinitionMatch.runStep(StepDefinitionMatch.java:40)
	at cucumber.api.TestStep.executeStep(TestStep.java:102)
	at cucumber.api.TestStep.run(TestStep.java:83)
	at cucumber.api.TestCase.run(TestCase.java:58)
	at cucumber.runner.Runner.runPickle(Runner.java:80)
	at cucumber.runtime.junit.PickleRunners$NoStepDescriptions.run(PickleRunners.java:140)
	at cucumber.runtime.junit.FeatureRunner.runChild(FeatureRunner.java:68)
	at cucumber.runtime.junit.FeatureRunner.runChild(FeatureRunner.java:23)
	at org.junit.runners.ParentRunner$3.run(ParentRunner.java:290)
	at org.junit.runners.ParentRunner$1.schedule(ParentRunner.java:71)
	at org.junit.runners.ParentRunner.runChildren(ParentRunner.java:288)
	at org.junit.runners.ParentRunner.access$000(ParentRunner.java:58)
	at org.junit.runners.ParentRunner$2.evaluate(ParentRunner.java:268)
	at org.junit.runners.ParentRunner.run(ParentRunner.java:363)
	at cucumber.runtime.junit.FeatureRunner.run(FeatureRunner.java:73)
	at cucumber.api.junit.Cucumber.runChild(Cucumber.java:117)
	at cucumber.api.junit.Cucumber.runChild(Cucumber.java:55)
	at org.junit.runners.ParentRunner$3.run(ParentRunner.java:290)
	at org.junit.runners.ParentRunner$1.schedule(ParentRunner.java:71)
	at org.junit.runners.ParentRunner.runChildren(ParentRunner.java:288)
	at org.junit.runners.ParentRunner.access$000(ParentRunner.java:58)
	at org.junit.runners.ParentRunner$2.evaluate(ParentRunner.java:268)
	at cucumber.api.junit.Cucumber$1.evaluate(Cucumber.java:126)
	at org.junit.runners.ParentRunner.run(ParentRunner.java:363)
	at org.apache.maven.surefire.junit4.JUnit4Provider.execute(JUnit4Provider.java:365)
	at org.apache.maven.surefire.junit4.JUnit4Provider.executeWithRerun(JUnit4Provider.java:273)
	at org.apache.maven.surefire.junit4.JUnit4Provider.executeTestSet(JUnit4Provider.java:238)
	at org.apache.maven.surefire.junit4.JUnit4Provider.invoke(JUnit4Provider.java:159)
	at org.apache.maven.surefire.booter.ForkedBooter.invokeProviderInSameClassLoader(ForkedBooter.java:379)
	at org.apache.maven.surefire.booter.ForkedBooter.runSuitesInProcess(ForkedBooter.java:340)
	at org.apache.maven.surefire.booter.ForkedBooter.execute(ForkedBooter.java:125)
	at org.apache.maven.surefire.booter.ForkedBooter.main(ForkedBooter.java:413)
&amp#27;[0m
    &amp#27;[33mAnd &amp#27;[0m&amp#27;[33m[Order] Screen is opened 'multiple'&amp#27;[0m                                    &amp#27;[90m# null&amp#27;[0m
    &amp#27;[33mWhen &amp#27;[0m&amp#27;[33m[Itinerary] User opens page with the option shown as Create Itinerary&amp#27;[0m &amp#27;[90m# null&amp#27;[0m
    &amp#27;[33mAnd &amp#27;[0m&amp#27;[33m[Itinerary] User clicks on Upload File button&amp#27;[0m                          &amp#27;[90m# null&amp#27;[0m
    &amp#27;[33mAnd &amp#27;[0m&amp#27;[33m[Itinerary] User select file from local systems&amp#27;[0m                        &amp#27;[90m# null&amp#27;[0m
    &amp#27;[33mThen &amp#27;[0m&amp#27;[33m[Itinerary] User will be prompted to Upload files from a local system&amp#27;[0m &amp#27;[90m# null&amp#27;[0m
    &amp#27;[33mAnd &amp#27;[0m&amp#27;[33m[Itinerary] User will be shown green highlighted colour&amp#27;[0m                &amp#27;[90m# null&amp#27;[0m
]]></system-out>
  </testcase>
  <testcase name="GI-549" classname="End to End tests" time="0.566">
    <error message="The step &quot;[Order] Screen is opened &apos;multiple&apos;&quot; is undefined" type="cucumber.runtime.junit.UndefinedThrowable">cucumber.runtime.junit.UndefinedThrowable: The step "[Order] Screen is opened 'multiple'" is undefined
</error>
  </testcase>
  <testcase name="GI-549" classname="End to End tests" time="0.566">
    <error message="The step &quot;[Itinerary] User opens page with the option shown as Create Itinerary&quot; is undefined" type="cucumber.runtime.junit.UndefinedThrowable">cucumber.runtime.junit.UndefinedThrowable: The step "[Itinerary] User opens page with the option shown as Create Itinerary" is undefined
</error>
  </testcase>
  <testcase name="GI-549" classname="End to End tests" time="0.566">
    <error message="The step &quot;[Itinerary] User clicks on Upload File button&quot; is undefined" type="cucumber.runtime.junit.UndefinedThrowable">cucumber.runtime.junit.UndefinedThrowable: The step "[Itinerary] User clicks on Upload File button" is undefined
</error>
  </testcase>
  <testcase name="GI-549" classname="End to End tests" time="0.566">
    <error message="The step &quot;[Itinerary] User select file from local systems&quot; is undefined" type="cucumber.runtime.junit.UndefinedThrowable">cucumber.runtime.junit.UndefinedThrowable: The step "[Itinerary] User select file from local systems" is undefined
</error>
  </testcase>
  <testcase name="GI-549" classname="End to End tests" time="0.566">
    <error message="The step &quot;[Itinerary] User will be prompted to Upload files from a local system&quot; is undefined" type="cucumber.runtime.junit.UndefinedThrowable">cucumber.runtime.junit.UndefinedThrowable: The step "[Itinerary] User will be prompted to Upload files from a local system" is undefined
</error>
  </testcase>
  <testcase name="GI-549" classname="End to End tests" time="0.566">
    <error message="The step &quot;[Itinerary] User will be shown green highlighted colour&quot; is undefined" type="cucumber.runtime.junit.UndefinedThrowable">cucumber.runtime.junit.UndefinedThrowable: The step "[Itinerary] User will be shown green highlighted colour" is undefined
</error>
  </testcase>
</testsuite>